2018-11-15 10:53:52 ERROR MyMunicipality:35 - Provided person is not eligable for citizenship
2018-11-15 10:53:52 ERROR MyMunicipality:35 - Provided person is not eligable for citizenship
2018-11-15 10:53:52 ERROR MyMunicipality:35 - Provided person is not eligable for citizenship
2018-11-15 10:53:52 ERROR MyMunicipality:35 - Provided person is not eligable for citizenship
2018-11-15 10:53:52 INFO  MyMunicipality:98 - The total number of citizens is calsulated
2018-11-15 10:53:52 INFO  MyMunicipality:98 - The total number of citizens is calsulated
2018-11-15 10:53:52 INFO  MyMunicipality:58 - Provided person is not in the list of citizens
2018-11-15 10:53:52 INFO  MyMunicipality:43 - Provided person is added to list of the citizens
2018-11-15 10:53:52 INFO  MyMunicipality:58 - Provided person is not in the list of citizens
2018-11-15 10:53:52 INFO  MyMunicipality:43 - Provided person is added to list of the citizens
2018-11-15 10:53:52 INFO  MyMunicipality:55 - Provided person is the list of citizens
2018-11-15 10:53:52 INFO  MyMunicipality:55 - Provided person is the list of citizens
2018-11-15 10:53:52 INFO  MyMunicipality:55 - Provided person is the list of citizens
2018-11-15 10:53:52 INFO  MyMunicipality:58 - Provided person is not in the list of citizens
2018-11-15 10:53:52 INFO  MyMunicipality:43 - Provided person is added to list of the citizens
2018-11-15 10:53:52 INFO  MyMunicipality:55 - Provided person is the list of citizens
2018-11-15 10:53:52 ERROR MyMunicipality:40 - Provided person is already a citizen
2018-11-15 10:53:52 INFO  MyMunicipality:55 - Provided person is the list of citizens
2018-11-15 10:53:52 ERROR MyMunicipality:40 - Provided person is already a citizen
2018-11-15 10:53:52 INFO  MyMunicipality:98 - The total number of citizens is calsulated
2018-11-15 10:53:52 INFO  MyMunicipality:58 - Provided person is not in the list of citizens
2018-11-15 10:53:52 INFO  MyMunicipality:43 - Provided person is added to list of the citizens
2018-11-15 10:53:52 INFO  MyMunicipality:55 - Provided person is the list of citizens
2018-11-15 10:53:52 ERROR MyMunicipality:40 - Provided person is already a citizen
2018-11-15 10:53:52 INFO  MyMunicipality:98 - The total number of citizens is calsulated
2018-11-15 10:53:52 INFO  MyMunicipality:55 - Provided person is the list of citizens
2018-11-15 10:53:52 ERROR MyMunicipality:40 - Provided person is already a citizen
2018-11-15 10:53:52 INFO  MyMunicipality:98 - The total number of citizens is calsulated
2018-11-15 10:53:52 INFO  MyMunicipality:58 - Provided person is not in the list of citizens
2018-11-15 10:53:52 INFO  MyMunicipality:43 - Provided person is added to list of the citizens
2018-11-15 10:53:52 INFO  MyMunicipality:58 - Provided person is not in the list of citizens
2018-11-15 10:53:52 INFO  MyMunicipality:43 - Provided person is added to list of the citizens
2018-11-15 10:53:52 INFO  MyMunicipality:58 - Provided person is not in the list of citizens
2018-11-15 10:53:52 INFO  MyMunicipality:43 - Provided person is added to list of the citizens
2018-11-15 10:53:52 INFO  MyMunicipality:58 - Provided person is not in the list of citizens
2018-11-15 10:53:52 INFO  MyMunicipality:43 - Provided person is added to list of the citizens
2018-11-15 10:53:52 INFO  MyMunicipality:76 - The oldest citizen is found
2018-11-15 10:53:52 INFO  MyMunicipality:58 - Provided person is not in the list of citizens
2018-11-15 10:53:52 INFO  MyMunicipality:43 - Provided person is added to list of the citizens
2018-11-15 10:53:52 INFO  MyMunicipality:58 - Provided person is not in the list of citizens
2018-11-15 10:53:52 INFO  MyMunicipality:58 - Provided person is not in the list of citizens
2018-11-15 10:53:52 ERROR MyMunicipality:35 - Provided person is not eligable for citizenship
2018-11-15 10:53:52 INFO  MyMunicipality:98 - The total number of citizens is calsulated
2018-11-15 10:53:52 ERROR MyMunicipality:35 - Provided person is not eligable for citizenship
2018-11-15 10:53:52 INFO  MyMunicipality:58 - Provided person is not in the list of citizens
2018-11-15 10:53:52 INFO  MyMunicipality:43 - Provided person is added to list of the citizens
2018-11-15 10:53:52 INFO  MyMunicipality:98 - The total number of citizens is calsulated
2018-11-15 10:53:52 INFO  MyMunicipality:76 - The oldest citizen is found
2018-11-15 10:53:52 INFO  MyMunicipality:58 - Provided person is not in the list of citizens
2018-11-15 10:53:52 INFO  MyMunicipality:43 - Provided person is added to list of the citizens
2018-11-15 10:53:52 INFO  MyMunicipality:58 - Provided person is not in the list of citizens
2018-11-15 10:53:52 INFO  MyMunicipality:43 - Provided person is added to list of the citizens
2018-11-15 10:53:52 INFO  MyMunicipality:98 - The total number of citizens is calsulated
2018-11-15 10:53:52 INFO  MyMunicipality:58 - Provided person is not in the list of citizens
2018-11-15 10:53:52 INFO  MyMunicipality:43 - Provided person is added to list of the citizens
2018-11-15 10:53:52 INFO  MyMunicipality:92 - Total amount of tax income has been calculated
2018-11-15 10:53:52 INFO  MyMunicipality:58 - Provided person is not in the list of citizens
2018-11-15 10:53:52 INFO  MyMunicipality:43 - Provided person is added to list of the citizens
2018-11-15 10:53:52 INFO  MyMunicipality:92 - Total amount of tax income has been calculated
2018-11-15 10:53:52 INFO  MyMunicipality:58 - Provided person is not in the list of citizens
2018-11-15 10:53:52 INFO  MyMunicipality:43 - Provided person is added to list of the citizens
2018-11-15 10:53:52 INFO  MyMunicipality:92 - Total amount of tax income has been calculated
2018-11-15 10:53:52 INFO  MyMunicipality:58 - Provided person is not in the list of citizens
2018-11-15 10:53:52 INFO  MyMunicipality:43 - Provided person is added to list of the citizens
2018-11-15 10:53:52 INFO  MyMunicipality:92 - Total amount of tax income has been calculated
2018-11-15 11:45:13 INFO  MyMunicipality:58 - Provided person is not in the list of citizens
2018-11-15 11:45:13 INFO  MyMunicipality:43 - Provided person is added to list of the citizens
2018-11-15 11:45:13 INFO  MyMunicipality:55 - Provided person is the list of citizens
2018-11-15 11:52:50 INFO  MyMunicipality:58 - Provided person is not in the list of citizens
2018-11-15 11:52:50 INFO  MyMunicipality:43 - Provided person is added to list of the citizens
2018-11-15 11:52:50 INFO  MyMunicipality:55 - Provided person is the list of citizens
2018-11-15 11:52:50 INFO  MyMunicipality:98 - The total number of citizens is calculated
2018-11-15 11:52:50 INFO  MyMunicipality:58 - Provided person is not in the list of citizens
2018-11-15 11:52:50 INFO  MyMunicipality:43 - Provided person is added to list of the citizens
2018-11-15 11:52:50 INFO  MyMunicipality:98 - The total number of citizens is calculated
2018-11-15 11:54:23 INFO  MyMunicipality:58 - Provided person is not in the list of citizens
2018-11-15 11:54:23 INFO  MyMunicipality:43 - Provided person is added to list of the citizens
2018-11-15 11:54:23 INFO  MyMunicipality:55 - Provided person is the list of citizens
2018-11-15 11:54:23 INFO  MyMunicipality:98 - The total number of citizens is calculated
2018-11-15 11:54:23 INFO  MyMunicipality:58 - Provided person is not in the list of citizens
2018-11-15 11:54:23 INFO  MyMunicipality:43 - Provided person is added to list of the citizens
2018-11-15 11:54:23 INFO  MyMunicipality:98 - The total number of citizens is calculated
2018-11-15 12:00:07 INFO  MyMunicipality:58 - Provided person is not in the list of citizens
2018-11-15 12:00:07 INFO  MyMunicipality:43 - Provided person is added to list of the citizens
2018-11-15 12:00:07 INFO  MyMunicipality:55 - Provided person is the list of citizens
2018-11-15 12:00:07 INFO  MyMunicipality:98 - The total number of citizens is calculated
2018-11-15 12:00:07 INFO  MyMunicipality:58 - Provided person is not in the list of citizens
2018-11-15 12:00:07 INFO  MyMunicipality:43 - Provided person is added to list of the citizens
2018-11-15 12:00:07 INFO  MyMunicipality:98 - The total number of citizens is calculated
2018-11-15 12:00:07 INFO  MyMunicipality:58 - Provided person is not in the list of citizens
2018-11-15 12:00:07 INFO  MyMunicipality:43 - Provided person is added to list of the citizens
2018-11-15 12:00:07 INFO  MyMunicipality:58 - Provided person is not in the list of citizens
2018-11-15 12:00:07 INFO  MyMunicipality:43 - Provided person is added to list of the citizens
2018-11-15 12:00:07 INFO  MyMunicipality:58 - Provided person is not in the list of citizens
2018-11-15 12:00:07 INFO  MyMunicipality:43 - Provided person is added to list of the citizens
2018-11-15 12:00:07 INFO  MyMunicipality:58 - Provided person is not in the list of citizens
2018-11-15 12:00:07 INFO  MyMunicipality:43 - Provided person is added to list of the citizens
2018-11-15 12:00:07 INFO  MyMunicipality:76 - The oldest citizen is found
2018-11-15 12:01:55 INFO  MyMunicipality:58 - Provided person is not in the list of citizens
2018-11-15 12:01:55 INFO  MyMunicipality:43 - Provided person is added to list of the citizens
2018-11-15 12:01:55 INFO  MyMunicipality:55 - Provided person is the list of citizens
2018-11-15 12:01:55 INFO  MyMunicipality:98 - The total number of citizens is calculated
2018-11-15 12:01:55 INFO  MyMunicipality:58 - Provided person is not in the list of citizens
2018-11-15 12:01:55 INFO  MyMunicipality:43 - Provided person is added to list of the citizens
2018-11-15 12:01:55 INFO  MyMunicipality:98 - The total number of citizens is calculated
2018-11-15 12:01:55 INFO  MyMunicipality:58 - Provided person is not in the list of citizens
2018-11-15 12:01:55 INFO  MyMunicipality:43 - Provided person is added to list of the citizens
2018-11-15 12:01:55 INFO  MyMunicipality:58 - Provided person is not in the list of citizens
2018-11-15 12:01:55 INFO  MyMunicipality:43 - Provided person is added to list of the citizens
2018-11-15 12:01:55 INFO  MyMunicipality:58 - Provided person is not in the list of citizens
2018-11-15 12:01:55 INFO  MyMunicipality:43 - Provided person is added to list of the citizens
2018-11-15 12:01:55 INFO  MyMunicipality:58 - Provided person is not in the list of citizens
2018-11-15 12:01:55 INFO  MyMunicipality:43 - Provided person is added to list of the citizens
2018-11-15 12:01:55 INFO  MyMunicipality:76 - The oldest citizen is found
2018-11-15 12:05:13 INFO  MyMunicipality:58 - Provided person is not in the list of citizens
2018-11-15 12:05:13 INFO  MyMunicipality:43 - Provided person is added to list of the citizens
2018-11-15 12:05:13 INFO  MyMunicipality:55 - Provided person is the list of citizens
2018-11-15 12:05:13 INFO  MyMunicipality:98 - The total number of citizens is calculated
2018-11-15 12:05:13 INFO  MyMunicipality:58 - Provided person is not in the list of citizens
2018-11-15 12:05:13 INFO  MyMunicipality:43 - Provided person is added to list of the citizens
2018-11-15 12:05:13 INFO  MyMunicipality:98 - The total number of citizens is calculated
2018-11-15 12:05:13 INFO  MyMunicipality:58 - Provided person is not in the list of citizens
2018-11-15 12:05:13 INFO  MyMunicipality:43 - Provided person is added to list of the citizens
2018-11-15 12:05:13 INFO  MyMunicipality:58 - Provided person is not in the list of citizens
2018-11-15 12:05:13 INFO  MyMunicipality:43 - Provided person is added to list of the citizens
2018-11-15 12:05:13 INFO  MyMunicipality:58 - Provided person is not in the list of citizens
2018-11-15 12:05:13 INFO  MyMunicipality:43 - Provided person is added to list of the citizens
2018-11-15 12:05:13 INFO  MyMunicipality:58 - Provided person is not in the list of citizens
2018-11-15 12:05:13 INFO  MyMunicipality:43 - Provided person is added to list of the citizens
2018-11-15 12:05:13 INFO  MyMunicipality:92 - Total amount of tax income has been calculated
2018-11-15 12:05:13 INFO  MyMunicipality:58 - Provided person is not in the list of citizens
2018-11-15 12:05:13 INFO  MyMunicipality:43 - Provided person is added to list of the citizens
2018-11-15 12:05:13 INFO  MyMunicipality:58 - Provided person is not in the list of citizens
2018-11-15 12:05:13 INFO  MyMunicipality:43 - Provided person is added to list of the citizens
2018-11-15 12:05:13 INFO  MyMunicipality:58 - Provided person is not in the list of citizens
2018-11-15 12:05:13 INFO  MyMunicipality:43 - Provided person is added to list of the citizens
2018-11-15 12:05:13 INFO  MyMunicipality:58 - Provided person is not in the list of citizens
2018-11-15 12:05:13 INFO  MyMunicipality:43 - Provided person is added to list of the citizens
2018-11-15 12:05:13 INFO  MyMunicipality:76 - The oldest citizen is found
2018-11-15 12:06:24 INFO  MyMunicipality:58 - Provided person is not in the list of citizens
2018-11-15 12:06:24 INFO  MyMunicipality:43 - Provided person is added to list of the citizens
2018-11-15 12:06:24 INFO  MyMunicipality:55 - Provided person is the list of citizens
2018-11-15 12:06:24 INFO  MyMunicipality:98 - The total number of citizens is calculated
2018-11-15 12:06:24 INFO  MyMunicipality:58 - Provided person is not in the list of citizens
2018-11-15 12:06:24 INFO  MyMunicipality:43 - Provided person is added to list of the citizens
2018-11-15 12:06:24 INFO  MyMunicipality:98 - The total number of citizens is calculated
2018-11-15 12:06:24 INFO  MyMunicipality:58 - Provided person is not in the list of citizens
2018-11-15 12:06:24 INFO  MyMunicipality:43 - Provided person is added to list of the citizens
2018-11-15 12:06:24 INFO  MyMunicipality:58 - Provided person is not in the list of citizens
2018-11-15 12:06:24 INFO  MyMunicipality:43 - Provided person is added to list of the citizens
2018-11-15 12:06:24 INFO  MyMunicipality:58 - Provided person is not in the list of citizens
2018-11-15 12:06:24 INFO  MyMunicipality:43 - Provided person is added to list of the citizens
2018-11-15 12:06:24 INFO  MyMunicipality:58 - Provided person is not in the list of citizens
2018-11-15 12:06:24 INFO  MyMunicipality:43 - Provided person is added to list of the citizens
2018-11-15 12:06:24 INFO  MyMunicipality:98 - The total number of citizens is calculated
2018-11-15 12:06:24 INFO  MyMunicipality:58 - Provided person is not in the list of citizens
2018-11-15 12:06:24 INFO  MyMunicipality:43 - Provided person is added to list of the citizens
2018-11-15 12:06:24 INFO  MyMunicipality:58 - Provided person is not in the list of citizens
2018-11-15 12:06:24 INFO  MyMunicipality:43 - Provided person is added to list of the citizens
2018-11-15 12:06:24 INFO  MyMunicipality:58 - Provided person is not in the list of citizens
2018-11-15 12:06:24 INFO  MyMunicipality:43 - Provided person is added to list of the citizens
2018-11-15 12:06:24 INFO  MyMunicipality:58 - Provided person is not in the list of citizens
2018-11-15 12:06:24 INFO  MyMunicipality:43 - Provided person is added to list of the citizens
2018-11-15 12:06:24 INFO  MyMunicipality:92 - Total amount of tax income has been calculated
2018-11-15 12:06:24 INFO  MyMunicipality:58 - Provided person is not in the list of citizens
2018-11-15 12:06:24 INFO  MyMunicipality:43 - Provided person is added to list of the citizens
2018-11-15 12:06:24 INFO  MyMunicipality:58 - Provided person is not in the list of citizens
2018-11-15 12:06:24 INFO  MyMunicipality:43 - Provided person is added to list of the citizens
2018-11-15 12:06:24 INFO  MyMunicipality:58 - Provided person is not in the list of citizens
2018-11-15 12:06:24 INFO  MyMunicipality:43 - Provided person is added to list of the citizens
2018-11-15 12:06:24 INFO  MyMunicipality:58 - Provided person is not in the list of citizens
2018-11-15 12:06:24 INFO  MyMunicipality:43 - Provided person is added to list of the citizens
2018-11-15 12:06:24 INFO  MyMunicipality:76 - The oldest citizen is found
2018-11-15 12:21:01 INFO  MyMunicipality:58 - Provided person is not in the list of citizens
2018-11-15 12:21:01 INFO  MyMunicipality:43 - Provided person is added to list of the citizens
2018-11-15 12:21:01 INFO  MyMunicipality:55 - Provided person is the list of citizens
2018-11-15 12:21:01 INFO  MyMunicipality:98 - The total number of citizens is calculated
2018-11-15 12:21:01 INFO  MyMunicipality:58 - Provided person is not in the list of citizens
2018-11-15 12:21:01 INFO  MyMunicipality:43 - Provided person is added to list of the citizens
2018-11-15 12:21:01 INFO  MyMunicipality:98 - The total number of citizens is calculated
2018-11-15 12:21:01 INFO  MyMunicipality:58 - Provided person is not in the list of citizens
2018-11-15 12:21:01 INFO  MyMunicipality:43 - Provided person is added to list of the citizens
2018-11-15 12:21:01 INFO  MyMunicipality:58 - Provided person is not in the list of citizens
2018-11-15 12:21:01 INFO  MyMunicipality:43 - Provided person is added to list of the citizens
2018-11-15 12:21:01 INFO  MyMunicipality:58 - Provided person is not in the list of citizens
2018-11-15 12:21:01 INFO  MyMunicipality:43 - Provided person is added to list of the citizens
2018-11-15 12:21:01 INFO  MyMunicipality:58 - Provided person is not in the list of citizens
2018-11-15 12:21:01 INFO  MyMunicipality:43 - Provided person is added to list of the citizens
2018-11-15 12:21:01 INFO  MyMunicipality:98 - The total number of citizens is calculated
2018-11-15 12:21:01 INFO  MyMunicipality:58 - Provided person is not in the list of citizens
2018-11-15 12:21:01 INFO  MyMunicipality:43 - Provided person is added to list of the citizens
2018-11-15 12:21:01 INFO  MyMunicipality:58 - Provided person is not in the list of citizens
2018-11-15 12:21:01 INFO  MyMunicipality:43 - Provided person is added to list of the citizens
2018-11-15 12:21:01 INFO  MyMunicipality:58 - Provided person is not in the list of citizens
2018-11-15 12:21:01 INFO  MyMunicipality:43 - Provided person is added to list of the citizens
2018-11-15 12:21:01 INFO  MyMunicipality:58 - Provided person is not in the list of citizens
2018-11-15 12:21:01 INFO  MyMunicipality:43 - Provided person is added to list of the citizens
2018-11-15 12:21:01 INFO  MyMunicipality:92 - Total amount of tax income has been calculated
2018-11-15 12:21:01 INFO  MyMunicipality:58 - Provided person is not in the list of citizens
2018-11-15 12:21:01 INFO  MyMunicipality:43 - Provided person is added to list of the citizens
2018-11-15 12:21:01 INFO  MyMunicipality:58 - Provided person is not in the list of citizens
2018-11-15 12:21:01 INFO  MyMunicipality:43 - Provided person is added to list of the citizens
2018-11-15 12:21:01 INFO  MyMunicipality:58 - Provided person is not in the list of citizens
2018-11-15 12:21:01 INFO  MyMunicipality:43 - Provided person is added to list of the citizens
2018-11-15 12:21:01 INFO  MyMunicipality:58 - Provided person is not in the list of citizens
2018-11-15 12:21:01 INFO  MyMunicipality:43 - Provided person is added to list of the citizens
2018-11-15 12:21:01 INFO  MyMunicipality:76 - The oldest citizen is found
2018-11-15 12:34:38 INFO  MyMunicipality:58 - Provided person is not in the list of citizens
2018-11-15 12:34:38 INFO  MyMunicipality:43 - Provided person is added to list of the citizens
2018-11-15 12:34:38 INFO  MyMunicipality:55 - Provided person is the list of citizens
2018-11-15 12:34:38 INFO  MyMunicipality:98 - The total number of citizens is calculated
2018-11-15 12:34:38 INFO  MyMunicipality:58 - Provided person is not in the list of citizens
2018-11-15 12:34:38 INFO  MyMunicipality:43 - Provided person is added to list of the citizens
2018-11-15 12:34:38 INFO  MyMunicipality:98 - The total number of citizens is calculated
2018-11-15 12:34:38 INFO  MyMunicipality:58 - Provided person is not in the list of citizens
2018-11-15 12:34:38 INFO  MyMunicipality:43 - Provided person is added to list of the citizens
2018-11-15 12:34:38 INFO  MyMunicipality:58 - Provided person is not in the list of citizens
2018-11-15 12:34:38 INFO  MyMunicipality:43 - Provided person is added to list of the citizens
2018-11-15 12:34:38 INFO  MyMunicipality:58 - Provided person is not in the list of citizens
2018-11-15 12:34:38 INFO  MyMunicipality:43 - Provided person is added to list of the citizens
2018-11-15 12:34:38 INFO  MyMunicipality:58 - Provided person is not in the list of citizens
2018-11-15 12:34:38 INFO  MyMunicipality:43 - Provided person is added to list of the citizens
2018-11-15 12:34:38 INFO  MyMunicipality:98 - The total number of citizens is calculated
2018-11-15 12:34:38 INFO  MyMunicipality:58 - Provided person is not in the list of citizens
2018-11-15 12:34:38 INFO  MyMunicipality:43 - Provided person is added to list of the citizens
2018-11-15 12:34:38 INFO  MyMunicipality:58 - Provided person is not in the list of citizens
2018-11-15 12:34:38 INFO  MyMunicipality:43 - Provided person is added to list of the citizens
2018-11-15 12:34:38 INFO  MyMunicipality:58 - Provided person is not in the list of citizens
2018-11-15 12:34:38 INFO  MyMunicipality:43 - Provided person is added to list of the citizens
2018-11-15 12:34:38 INFO  MyMunicipality:58 - Provided person is not in the list of citizens
2018-11-15 12:34:38 INFO  MyMunicipality:43 - Provided person is added to list of the citizens
2018-11-15 12:34:38 INFO  MyMunicipality:92 - Total amount of tax income has been calculated
2018-11-15 12:34:38 INFO  MyMunicipality:58 - Provided person is not in the list of citizens
2018-11-15 12:34:38 INFO  MyMunicipality:43 - Provided person is added to list of the citizens
2018-11-15 12:34:38 INFO  MyMunicipality:58 - Provided person is not in the list of citizens
2018-11-15 12:34:38 INFO  MyMunicipality:43 - Provided person is added to list of the citizens
2018-11-15 12:34:38 INFO  MyMunicipality:58 - Provided person is not in the list of citizens
2018-11-15 12:34:38 INFO  MyMunicipality:43 - Provided person is added to list of the citizens
2018-11-15 12:34:38 INFO  MyMunicipality:58 - Provided person is not in the list of citizens
2018-11-15 12:34:38 INFO  MyMunicipality:43 - Provided person is added to list of the citizens
2018-11-15 12:34:38 INFO  MyMunicipality:76 - The oldest citizen is found
2018-11-15 12:34:56 INFO  MyMunicipality:58 - Provided person is not in the list of citizens
2018-11-15 12:34:56 INFO  MyMunicipality:43 - Provided person is added to list of the citizens
2018-11-15 12:34:56 INFO  MyMunicipality:55 - Provided person is the list of citizens
2018-11-15 12:34:56 INFO  MyMunicipality:98 - The total number of citizens is calculated
2018-11-15 12:34:56 INFO  MyMunicipality:58 - Provided person is not in the list of citizens
2018-11-15 12:34:56 INFO  MyMunicipality:43 - Provided person is added to list of the citizens
2018-11-15 12:34:56 INFO  MyMunicipality:98 - The total number of citizens is calculated
2018-11-15 12:34:56 INFO  MyMunicipality:58 - Provided person is not in the list of citizens
2018-11-15 12:34:56 INFO  MyMunicipality:43 - Provided person is added to list of the citizens
2018-11-15 12:34:56 INFO  MyMunicipality:58 - Provided person is not in the list of citizens
2018-11-15 12:34:56 INFO  MyMunicipality:43 - Provided person is added to list of the citizens
2018-11-15 12:34:56 INFO  MyMunicipality:58 - Provided person is not in the list of citizens
2018-11-15 12:34:56 INFO  MyMunicipality:43 - Provided person is added to list of the citizens
2018-11-15 12:34:56 INFO  MyMunicipality:58 - Provided person is not in the list of citizens
2018-11-15 12:34:56 INFO  MyMunicipality:43 - Provided person is added to list of the citizens
2018-11-15 12:34:56 INFO  MyMunicipality:98 - The total number of citizens is calculated
2018-11-15 12:34:56 INFO  MyMunicipality:58 - Provided person is not in the list of citizens
2018-11-15 12:34:56 INFO  MyMunicipality:43 - Provided person is added to list of the citizens
2018-11-15 12:34:56 INFO  MyMunicipality:58 - Provided person is not in the list of citizens
2018-11-15 12:34:56 INFO  MyMunicipality:43 - Provided person is added to list of the citizens
2018-11-15 12:34:56 INFO  MyMunicipality:58 - Provided person is not in the list of citizens
2018-11-15 12:34:56 INFO  MyMunicipality:43 - Provided person is added to list of the citizens
2018-11-15 12:34:56 INFO  MyMunicipality:58 - Provided person is not in the list of citizens
2018-11-15 12:34:56 INFO  MyMunicipality:43 - Provided person is added to list of the citizens
2018-11-15 12:34:56 INFO  MyMunicipality:92 - Total amount of tax income has been calculated
2018-11-15 12:34:56 INFO  MyMunicipality:58 - Provided person is not in the list of citizens
2018-11-15 12:34:56 INFO  MyMunicipality:43 - Provided person is added to list of the citizens
2018-11-15 12:34:56 INFO  MyMunicipality:58 - Provided person is not in the list of citizens
2018-11-15 12:34:56 INFO  MyMunicipality:43 - Provided person is added to list of the citizens
2018-11-15 12:34:56 INFO  MyMunicipality:58 - Provided person is not in the list of citizens
2018-11-15 12:34:56 INFO  MyMunicipality:43 - Provided person is added to list of the citizens
2018-11-15 12:34:56 INFO  MyMunicipality:58 - Provided person is not in the list of citizens
2018-11-15 12:34:56 INFO  MyMunicipality:43 - Provided person is added to list of the citizens
2018-11-15 12:34:56 INFO  MyMunicipality:76 - The oldest citizen is found
2018-11-15 12:35:42 ERROR MyMunicipality:35 - Provided person is not eligable for citizenship
2018-11-15 12:35:42 ERROR MyMunicipality:35 - Provided person is not eligable for citizenship
2018-11-15 12:35:42 ERROR MyMunicipality:35 - Provided person is not eligable for citizenship
2018-11-15 12:35:42 ERROR MyMunicipality:35 - Provided person is not eligable for citizenship
2018-11-15 12:35:42 INFO  MyMunicipality:98 - The total number of citizens is calculated
2018-11-15 12:35:42 INFO  MyMunicipality:98 - The total number of citizens is calculated
2018-11-15 12:35:42 INFO  MyMunicipality:58 - Provided person is not in the list of citizens
2018-11-15 12:35:42 INFO  MyMunicipality:43 - Provided person is added to list of the citizens
2018-11-15 12:35:42 INFO  MyMunicipality:58 - Provided person is not in the list of citizens
2018-11-15 12:35:42 INFO  MyMunicipality:43 - Provided person is added to list of the citizens
2018-11-15 12:35:42 INFO  MyMunicipality:55 - Provided person is the list of citizens
2018-11-15 12:35:42 INFO  MyMunicipality:55 - Provided person is the list of citizens
2018-11-15 12:35:42 INFO  MyMunicipality:55 - Provided person is the list of citizens
2018-11-15 12:35:42 INFO  MyMunicipality:58 - Provided person is not in the list of citizens
2018-11-15 12:35:42 INFO  MyMunicipality:43 - Provided person is added to list of the citizens
2018-11-15 12:35:42 INFO  MyMunicipality:55 - Provided person is the list of citizens
2018-11-15 12:35:42 ERROR MyMunicipality:40 - Provided person is already a citizen
2018-11-15 12:35:42 INFO  MyMunicipality:55 - Provided person is the list of citizens
2018-11-15 12:35:42 ERROR MyMunicipality:40 - Provided person is already a citizen
2018-11-15 12:35:42 INFO  MyMunicipality:98 - The total number of citizens is calculated
2018-11-15 12:35:42 INFO  MyMunicipality:58 - Provided person is not in the list of citizens
2018-11-15 12:35:42 INFO  MyMunicipality:43 - Provided person is added to list of the citizens
2018-11-15 12:35:42 INFO  MyMunicipality:55 - Provided person is the list of citizens
2018-11-15 12:35:42 ERROR MyMunicipality:40 - Provided person is already a citizen
2018-11-15 12:35:42 INFO  MyMunicipality:98 - The total number of citizens is calculated
2018-11-15 12:35:42 INFO  MyMunicipality:55 - Provided person is the list of citizens
2018-11-15 12:35:42 ERROR MyMunicipality:40 - Provided person is already a citizen
2018-11-15 12:35:42 INFO  MyMunicipality:98 - The total number of citizens is calculated
2018-11-15 12:35:42 INFO  MyMunicipality:58 - Provided person is not in the list of citizens
2018-11-15 12:35:42 INFO  MyMunicipality:43 - Provided person is added to list of the citizens
2018-11-15 12:35:42 INFO  MyMunicipality:58 - Provided person is not in the list of citizens
2018-11-15 12:35:42 INFO  MyMunicipality:43 - Provided person is added to list of the citizens
2018-11-15 12:35:42 INFO  MyMunicipality:58 - Provided person is not in the list of citizens
2018-11-15 12:35:42 INFO  MyMunicipality:43 - Provided person is added to list of the citizens
2018-11-15 12:35:42 INFO  MyMunicipality:58 - Provided person is not in the list of citizens
2018-11-15 12:35:42 INFO  MyMunicipality:43 - Provided person is added to list of the citizens
2018-11-15 12:35:42 INFO  MyMunicipality:76 - The oldest citizen is found
2018-11-15 12:35:42 INFO  MyMunicipality:58 - Provided person is not in the list of citizens
2018-11-15 12:35:42 INFO  MyMunicipality:43 - Provided person is added to list of the citizens
2018-11-15 12:35:42 INFO  MyMunicipality:58 - Provided person is not in the list of citizens
2018-11-15 12:35:42 INFO  MyMunicipality:58 - Provided person is not in the list of citizens
2018-11-15 12:35:42 ERROR MyMunicipality:35 - Provided person is not eligable for citizenship
2018-11-15 12:35:42 INFO  MyMunicipality:98 - The total number of citizens is calculated
2018-11-15 12:35:42 ERROR MyMunicipality:35 - Provided person is not eligable for citizenship
2018-11-15 12:35:42 INFO  MyMunicipality:58 - Provided person is not in the list of citizens
2018-11-15 12:35:42 INFO  MyMunicipality:43 - Provided person is added to list of the citizens
2018-11-15 12:35:42 INFO  MyMunicipality:98 - The total number of citizens is calculated
2018-11-15 12:35:42 INFO  MyMunicipality:76 - The oldest citizen is found
2018-11-15 12:35:42 INFO  MyMunicipality:58 - Provided person is not in the list of citizens
2018-11-15 12:35:42 INFO  MyMunicipality:43 - Provided person is added to list of the citizens
2018-11-15 12:35:42 INFO  MyMunicipality:58 - Provided person is not in the list of citizens
2018-11-15 12:35:42 INFO  MyMunicipality:43 - Provided person is added to list of the citizens
2018-11-15 12:35:42 INFO  MyMunicipality:98 - The total number of citizens is calculated
2018-11-15 12:35:42 INFO  MyMunicipality:58 - Provided person is not in the list of citizens
2018-11-15 12:35:42 INFO  MyMunicipality:43 - Provided person is added to list of the citizens
2018-11-15 12:35:42 INFO  MyMunicipality:92 - Total amount of tax income has been calculated
2018-11-15 12:35:42 INFO  MyMunicipality:58 - Provided person is not in the list of citizens
2018-11-15 12:35:42 INFO  MyMunicipality:43 - Provided person is added to list of the citizens
2018-11-15 12:35:42 INFO  MyMunicipality:92 - Total amount of tax income has been calculated
2018-11-15 12:35:42 INFO  MyMunicipality:58 - Provided person is not in the list of citizens
2018-11-15 12:35:42 INFO  MyMunicipality:43 - Provided person is added to list of the citizens
2018-11-15 12:35:42 INFO  MyMunicipality:92 - Total amount of tax income has been calculated
2018-11-15 12:35:42 INFO  MyMunicipality:58 - Provided person is not in the list of citizens
2018-11-15 12:35:42 INFO  MyMunicipality:43 - Provided person is added to list of the citizens
2018-11-15 12:35:42 INFO  MyMunicipality:92 - Total amount of tax income has been calculated
2018-11-15 12:35:48 INFO  MyMunicipality:58 - Provided person is not in the list of citizens
2018-11-15 12:35:48 INFO  MyMunicipality:43 - Provided person is added to list of the citizens
2018-11-15 12:35:48 INFO  MyMunicipality:55 - Provided person is the list of citizens
2018-11-15 12:35:48 INFO  MyMunicipality:98 - The total number of citizens is calculated
2018-11-15 12:35:48 INFO  MyMunicipality:58 - Provided person is not in the list of citizens
2018-11-15 12:35:48 INFO  MyMunicipality:43 - Provided person is added to list of the citizens
2018-11-15 12:35:48 INFO  MyMunicipality:98 - The total number of citizens is calculated
2018-11-15 12:35:48 INFO  MyMunicipality:58 - Provided person is not in the list of citizens
2018-11-15 12:35:48 INFO  MyMunicipality:43 - Provided person is added to list of the citizens
2018-11-15 12:35:48 INFO  MyMunicipality:58 - Provided person is not in the list of citizens
2018-11-15 12:35:48 INFO  MyMunicipality:43 - Provided person is added to list of the citizens
2018-11-15 12:35:48 INFO  MyMunicipality:58 - Provided person is not in the list of citizens
2018-11-15 12:35:48 INFO  MyMunicipality:43 - Provided person is added to list of the citizens
2018-11-15 12:35:48 INFO  MyMunicipality:58 - Provided person is not in the list of citizens
2018-11-15 12:35:48 INFO  MyMunicipality:43 - Provided person is added to list of the citizens
2018-11-15 12:35:48 INFO  MyMunicipality:98 - The total number of citizens is calculated
2018-11-15 12:35:48 INFO  MyMunicipality:58 - Provided person is not in the list of citizens
2018-11-15 12:35:48 INFO  MyMunicipality:43 - Provided person is added to list of the citizens
2018-11-15 12:35:48 INFO  MyMunicipality:58 - Provided person is not in the list of citizens
2018-11-15 12:35:48 INFO  MyMunicipality:43 - Provided person is added to list of the citizens
2018-11-15 12:35:48 INFO  MyMunicipality:58 - Provided person is not in the list of citizens
2018-11-15 12:35:48 INFO  MyMunicipality:43 - Provided person is added to list of the citizens
2018-11-15 12:35:48 INFO  MyMunicipality:58 - Provided person is not in the list of citizens
2018-11-15 12:35:48 INFO  MyMunicipality:43 - Provided person is added to list of the citizens
2018-11-15 12:35:48 INFO  MyMunicipality:92 - Total amount of tax income has been calculated
2018-11-15 12:35:48 INFO  MyMunicipality:58 - Provided person is not in the list of citizens
2018-11-15 12:35:48 INFO  MyMunicipality:43 - Provided person is added to list of the citizens
2018-11-15 12:35:48 INFO  MyMunicipality:58 - Provided person is not in the list of citizens
2018-11-15 12:35:48 INFO  MyMunicipality:43 - Provided person is added to list of the citizens
2018-11-15 12:35:48 INFO  MyMunicipality:58 - Provided person is not in the list of citizens
2018-11-15 12:35:48 INFO  MyMunicipality:43 - Provided person is added to list of the citizens
2018-11-15 12:35:48 INFO  MyMunicipality:58 - Provided person is not in the list of citizens
2018-11-15 12:35:48 INFO  MyMunicipality:43 - Provided person is added to list of the citizens
2018-11-15 12:35:48 INFO  MyMunicipality:76 - The oldest citizen is found
